2020-04-09 17:23:19,064 INFO 3338 [egg:logger] init all loggers with options: {"dir":"/home/kasimye/webservice-br-egg/logs/chunyu-api-egg","encoding":"utf8","env":"local","level":"INFO","consoleLevel":"INFO","disableConsoleAfterReady":false,"outputJSON":false,"buffer":true,"appLogName":"chunyu-api-egg-web.log","coreLogName":"egg-web.log","agentLogName":"egg-agent.log","errorLogName":"common-error.log","coreLogger":{"consoleLevel":"WARN"},"allowDebugAtProd":false,"type":"application"}
2020-04-09 17:23:19,089 INFO 3338 [egg-multipart] stream mode enable
2020-04-09 17:23:19,127 INFO 3338 [egg-static] starting static serve /public/ -> /home/kasimye/webservice-br-egg/app/public
2020-04-09 17:23:19,129 INFO 3338 [egg-security] use csrf middleware
2020-04-09 17:23:19,129 INFO 3338 [egg-security] use methodnoallow middleware
2020-04-09 17:23:19,130 INFO 3338 [egg-security] use noopen middleware
2020-04-09 17:23:19,130 INFO 3338 [egg-security] use nosniff middleware
2020-04-09 17:23:19,131 INFO 3338 [egg-security] use xssProtection middleware
2020-04-09 17:23:19,131 INFO 3338 [egg-security] use xframe middleware
2020-04-09 17:23:19,131 INFO 3338 [egg-security] use dta middleware
2020-04-09 17:23:19,131 INFO 3338 [egg-security] compose 7 middlewares into one security middleware
2020-04-09 17:23:19,140 INFO 3338 [egg:core] dump config after load, 5ms
2020-04-09 17:23:19,160 INFO 3338 [egg-watcher:application] watcher start success
2020-04-09 17:23:19,176 INFO 3338 [egg:core] dump config after ready, 14ms
2020-04-09 18:49:06,748 INFO 4631 [egg:logger] init all loggers with options: {"dir":"/home/kasimye/webservice-br-egg/logs/chunyu-api-egg","encoding":"utf8","env":"local","level":"INFO","consoleLevel":"INFO","disableConsoleAfterReady":false,"outputJSON":false,"buffer":true,"appLogName":"chunyu-api-egg-web.log","coreLogName":"egg-web.log","agentLogName":"egg-agent.log","errorLogName":"common-error.log","coreLogger":{"consoleLevel":"WARN"},"allowDebugAtProd":false,"type":"application"}
2020-04-09 18:49:06,814 INFO 4631 [egg-multipart] stream mode enable
2020-04-09 18:49:06,926 INFO 4631 [egg-static] starting static serve /public/ -> /home/kasimye/webservice-br-egg/app/public
2020-04-09 18:49:06,931 INFO 4631 [egg-security] use csrf middleware
2020-04-09 18:49:06,932 INFO 4631 [egg-security] use methodnoallow middleware
2020-04-09 18:49:06,933 INFO 4631 [egg-security] use noopen middleware
2020-04-09 18:49:06,933 INFO 4631 [egg-security] use nosniff middleware
2020-04-09 18:49:06,934 INFO 4631 [egg-security] use xssProtection middleware
2020-04-09 18:49:06,935 INFO 4631 [egg-security] use xframe middleware
2020-04-09 18:49:06,935 INFO 4631 [egg-security] use dta middleware
2020-04-09 18:49:06,935 INFO 4631 [egg-security] compose 7 middlewares into one security middleware
2020-04-09 18:49:06,982 INFO 4631 [egg:core] dump config after load, 10ms
2020-04-09 18:49:07,017 INFO 4631 [egg-watcher:application] watcher start success
2020-04-09 18:49:07,041 INFO 4631 [egg:core] dump config after ready, 22ms
2020-04-09 18:53:32,250 INFO 5122 [egg:logger] init all loggers with options: {"dir":"/home/kasimye/webservice-br-egg/logs/chunyu-api-egg","encoding":"utf8","env":"local","level":"INFO","consoleLevel":"INFO","disableConsoleAfterReady":false,"outputJSON":false,"buffer":true,"appLogName":"chunyu-api-egg-web.log","coreLogName":"egg-web.log","agentLogName":"egg-agent.log","errorLogName":"common-error.log","coreLogger":{"consoleLevel":"WARN"},"allowDebugAtProd":false,"type":"application"}
2020-04-09 18:53:32,280 INFO 5122 [egg-multipart] stream mode enable
2020-04-09 18:53:32,380 INFO 5122 [egg-static] starting static serve /public/ -> /home/kasimye/webservice-br-egg/app/public
2020-04-09 18:53:32,384 INFO 5122 [egg-security] use csrf middleware
2020-04-09 18:53:32,385 INFO 5122 [egg-security] use methodnoallow middleware
2020-04-09 18:53:32,386 INFO 5122 [egg-security] use noopen middleware
2020-04-09 18:53:32,387 INFO 5122 [egg-security] use nosniff middleware
2020-04-09 18:53:32,388 INFO 5122 [egg-security] use xssProtection middleware
2020-04-09 18:53:32,389 INFO 5122 [egg-security] use xframe middleware
2020-04-09 18:53:32,389 INFO 5122 [egg-security] use dta middleware
2020-04-09 18:53:32,390 INFO 5122 [egg-security] compose 7 middlewares into one security middleware
2020-04-09 18:53:32,424 INFO 5122 [egg:core] dump config after load, 9ms
2020-04-09 18:53:32,441 INFO 5122 [egg-watcher:application] watcher start success
2020-04-09 18:53:32,490 INFO 5122 [egg:core] dump config after ready, 45ms
2020-04-09 18:59:18,175 INFO 5227 [egg:logger] init all loggers with options: {"dir":"/home/kasimye/webservice-br-egg/logs/chunyu-api-egg","encoding":"utf8","env":"local","level":"INFO","consoleLevel":"INFO","disableConsoleAfterReady":false,"outputJSON":false,"buffer":true,"appLogName":"chunyu-api-egg-web.log","coreLogName":"egg-web.log","agentLogName":"egg-agent.log","errorLogName":"common-error.log","coreLogger":{"consoleLevel":"WARN"},"allowDebugAtProd":false,"type":"application"}
2020-04-09 18:59:18,201 INFO 5227 [egg-multipart] stream mode enable
2020-04-09 18:59:18,240 INFO 5227 [egg-static] starting static serve /public/ -> /home/kasimye/webservice-br-egg/app/public
2020-04-09 18:59:18,242 INFO 5227 [egg-security] use csrf middleware
2020-04-09 18:59:18,243 INFO 5227 [egg-security] use methodnoallow middleware
2020-04-09 18:59:18,243 INFO 5227 [egg-security] use noopen middleware
2020-04-09 18:59:18,244 INFO 5227 [egg-security] use nosniff middleware
2020-04-09 18:59:18,244 INFO 5227 [egg-security] use xssProtection middleware
2020-04-09 18:59:18,245 INFO 5227 [egg-security] use xframe middleware
2020-04-09 18:59:18,245 INFO 5227 [egg-security] use dta middleware
2020-04-09 18:59:18,245 INFO 5227 [egg-security] compose 7 middlewares into one security middleware
2020-04-09 18:59:18,269 INFO 5227 [egg:core] dump config after load, 5ms
2020-04-09 18:59:18,284 INFO 5227 [egg-watcher:application] watcher start success
2020-04-09 18:59:18,303 INFO 5227 [egg:core] dump config after ready, 16ms
2020-04-09 18:59:19,464 INFO 5238 [egg:logger] init all loggers with options: {"dir":"/home/kasimye/webservice-br-egg/logs/chunyu-api-egg","encoding":"utf8","env":"local","level":"INFO","consoleLevel":"INFO","disableConsoleAfterReady":false,"outputJSON":false,"buffer":true,"appLogName":"chunyu-api-egg-web.log","coreLogName":"egg-web.log","agentLogName":"egg-agent.log","errorLogName":"common-error.log","coreLogger":{"consoleLevel":"WARN"},"allowDebugAtProd":false,"type":"application"}
2020-04-09 18:59:19,490 INFO 5238 [egg-multipart] stream mode enable
2020-04-09 18:59:19,528 INFO 5238 [egg-static] starting static serve /public/ -> /home/kasimye/webservice-br-egg/app/public
2020-04-09 18:59:19,531 INFO 5238 [egg-security] use csrf middleware
2020-04-09 18:59:19,531 INFO 5238 [egg-security] use methodnoallow middleware
2020-04-09 18:59:19,532 INFO 5238 [egg-security] use noopen middleware
2020-04-09 18:59:19,532 INFO 5238 [egg-security] use nosniff middleware
2020-04-09 18:59:19,533 INFO 5238 [egg-security] use xssProtection middleware
2020-04-09 18:59:19,533 INFO 5238 [egg-security] use xframe middleware
2020-04-09 18:59:19,534 INFO 5238 [egg-security] use dta middleware
2020-04-09 18:59:19,534 INFO 5238 [egg-security] compose 7 middlewares into one security middleware
2020-04-09 18:59:19,559 INFO 5238 [egg:core] dump config after load, 6ms
2020-04-09 18:59:19,589 INFO 5238 [egg-watcher:application] watcher start success
2020-04-09 18:59:19,615 INFO 5238 [egg:core] dump config after ready, 22ms
